c:\users\utilisateur\documents\github\dicom_3dmouse\x64\debug\data_set.obj
c:\users\utilisateur\documents\github\dicom_3dmouse\x64\debug\util.obj
c:\users\utilisateur\documents\github\dicom_3dmouse\x64\debug\dicom_3dmouse.obj
c:\users\utilisateur\documents\github\dicom_3dmouse\x64\debug\data_dict.obj
c:\users\utilisateur\documents\github\dicom_3dmouse\x64\debug\logger.obj
c:\users\utilisateur\documents\github\dicom_3dmouse\x64\debug\defs.obj
c:\users\utilisateur\documents\github\dicom_3dmouse\x64\debug\full_read_handler.obj
c:\users\utilisateur\documents\github\dicom_3dmouse\x64\debug\read_data_3dmouse.obj
c:\users\utilisateur\documents\github\dicom_3dmouse\x64\debug\utils.obj
c:\users\utilisateur\documents\github\dicom_3dmouse\x64\debug\data_element.obj
c:\users\utilisateur\documents\github\dicom_3dmouse\x64\debug\charset.obj
c:\users\utilisateur\documents\github\dicom_3dmouse\x64\debug\dicom_file.obj
c:\users\utilisateur\documents\github\dicom_3dmouse\x64\debug\write_visitor.obj
c:\users\utilisateur\documents\github\dicom_3dmouse\x64\debug\data_sequence.obj
c:\users\utilisateur\documents\github\dicom_3dmouse\x64\debug\dicom_reader.obj
c:\users\utilisateur\documents\github\dicom_3dmouse\x64\debug\uic\ui_dicom_3dmouse.h
c:\users\utilisateur\documents\github\dicom_3dmouse\x64\debug\rcc\qrc_dicom_3dmouse.cpp
c:\users\utilisateur\documents\github\dicom_3dmouse\x64\debug\moc\moc_dicom_3dmouse.cpp
c:\users\utilisateur\documents\github\dicom_3dmouse\x64\debug\\moc\moc_dicom_3dmouse.cpp
c:\users\utilisateur\documents\github\dicom_3dmouse\x64\debug\\rcc\qrc_dicom_3dmouse.cpp
c:\users\utilisateur\documents\github\dicom_3dmouse\x64\debug\\uic\ui_dicom_3dmouse.h
c:\users\utilisateur\documents\github\dicom_3dmouse\x64\debug\vc142.pdb
c:\users\utilisateur\documents\github\dicom_3dmouse\x64\debug\dicom_3dmouse.tlog\cl.command.1.tlog
c:\users\utilisateur\documents\github\dicom_3dmouse\x64\debug\dicom_3dmouse.tlog\cl.read.1.tlog
c:\users\utilisateur\documents\github\dicom_3dmouse\x64\debug\dicom_3dmouse.tlog\cl.write.1.tlog
c:\users\utilisateur\documents\github\dicom_3dmouse\x64\debug\dicom_3dmouse.tlog\dicom_3dmouse.write.1u.tlog
c:\users\utilisateur\documents\github\dicom_3dmouse\x64\debug\dicom_3dmouse.tlog\moc.read.1u.tlog
c:\users\utilisateur\documents\github\dicom_3dmouse\x64\debug\dicom_3dmouse.tlog\moc.write.1u.tlog
c:\users\utilisateur\documents\github\dicom_3dmouse\x64\debug\dicom_3dmouse.tlog\rcc.read.1u.tlog
c:\users\utilisateur\documents\github\dicom_3dmouse\x64\debug\dicom_3dmouse.tlog\rcc.write.1u.tlog
c:\users\utilisateur\documents\github\dicom_3dmouse\x64\debug\dicom_3dmouse.tlog\uic.read.1u.tlog
c:\users\utilisateur\documents\github\dicom_3dmouse\x64\debug\dicom_3dmouse.tlog\uic.write.1u.tlog
